<?xml version="1.0" encoding="UTF-8"?>
<!-- Generated by org.testng.reporters.JUnitReportReporter -->
<testsuite hostname="LAPTOP-2EAS51L0" failures="0" tests="1" name="com.example.MAVAN.Test12" time="0.012" errors="0" timestamp="2022-01-22T17:43:24 IST" skipped="0">
  <testcase classname="com.example.MAVAN.Test12" name="testinput" time="0.012"/>
  <system-out/>
</testsuite> <!-- com.example.MAVAN.Test12 -->
