<?xml version="1.0" encoding="UTF-8"?>
<!-- Generated by org.testng.reporters.JUnitReportReporter -->
<testsuite hostname="LAPTOP-2EAS51L0" failures="0" tests="2" name="com.example.MAVAN.Test12" time="0.020" errors="0" timestamp="2022-01-21T14:11:11 IST" skipped="0">
  <testcase classname="com.example.MAVAN.Test12" name="testinput" time="0.003"/>
  <system-out/>
  <testcase classname="com.example.MAVAN.Test12" name="testOddInput" time="0.017"/>
  <system-out/>
</testsuite> <!-- com.example.MAVAN.Test12 -->
